# JRE version: OpenJDK Runtime Environment (17.0.7) (build 17.0.7+0-b2043.56-10550314)
# Java VM: OpenJDK 64-Bit Server VM (17.0.7+0-b2043.56-10550314, mixed mode, tiered, compressed oops, compressed class ptrs, g1 gc, windows-amd64)
GC Precious Log:
 CPUs: 2 total, 2 available
 Memory: 8179M
 Large Page Support: Disabled
 NUMA Support: Disabled
 Compressed Oops: Enabled (32-bit)
 Heap Region Size: 1M
 Heap Min Capacity: 8M
 Heap Initial Capacity: 128M
 Heap Max Capacity: 2G
 Pre-touch: Disabled
 Parallel Workers: 2
 Concurrent Workers: 1
 Concurrent Refinement Workers: 2
 Periodic GC: Disabled
Heap:
 garbage-first heap   total 229376K, used 126260K [0x0000000080000000, 0x0000000100000000)
  region size 1024K, 13 young (13312K), 7 survivors (7168K)
 Metaspace       used 133134K, committed 134080K, reserved 1179648K
  class space    used 17852K, committed 18304K, reserved 1048576K
GC Heap History (20 events):
Event: 1315.096 GC heap before
{Heap before GC invocations=87 (full 0):
 garbage-first heap   total 227328K, used 182579K [0x0000000080000000, 0x0000000100000000)
  region size 1024K, 67 young (68608K), 1 survivors (1024K)
 Metaspace       used 131323K, committed 132224K, reserved 1179648K
  class space    used 17770K, committed 18176K, reserved 1048576K
}
Event: 1315.133 GC heap after
{Heap after GC invocations=88 (full 0):
 garbage-first heap   total 227328K, used 123828K [0x0000000080000000, 0x0000000100000000)
  region size 1024K, 9 young (9216K), 9 survivors (9216K)
 Metaspace       used 131323K, committed 132224K, reserved 1179648K
  class space    used 17770K, committed 18176K, reserved 1048576K
}
Event: 1320.174 GC heap before
{Heap before GC invocations=89 (full 0):
 garbage-first heap   total 229376K, used 210868K [0x0000000080000000, 0x0000000100000000)
  region size 1024K, 67 young (68608K), 9 survivors (9216K)
 Metaspace       used 131610K, committed 132544K, reserved 1179648K
  class space    used 17789K, committed 18240K, reserved 1048576K
}
Event: 1320.212 GC heap after
{Heap after GC invocations=90 (full 0):
 garbage-first heap   total 229376K, used 126549K [0x0000000080000000, 0x0000000100000000)
  region size 1024K, 2 young (2048K), 2 survivors (2048K)
 Metaspace       used 131610K, committed 132544K, reserved 1179648K
  class space    used 17789K, committed 18240K, reserved 1048576K
}
Event: 1574.463 GC heap before
{Heap before GC invocations=90 (full 0):
 garbage-first heap   total 229376K, used 134741K [0x0000000080000000, 0x0000000100000000)
  region size 1024K, 11 young (11264K), 2 survivors (2048K)
 Metaspace       used 131649K, committed 132608K, reserved 1179648K
  class space    used 17790K, committed 18240K, reserved 1048576K
}
Event: 1574.493 GC heap after
{Heap after GC invocations=91 (full 0):
 garbage-first heap   total 229376K, used 121942K [0x0000000080000000, 0x0000000100000000)
  region size 1024K, 1 young (1024K), 1 survivors (1024K)
 Metaspace       used 131649K, committed 132608K, reserved 1179648K
  class space    used 17790K, committed 18240K, reserved 1048576K
}
Event: 1577.691 GC heap before
{Heap before GC invocations=91 (full 0):
 garbage-first heap   total 229376K, used 186454K [0x0000000080000000, 0x0000000100000000)
  region size 1024K, 65 young (66560K), 1 survivors (1024K)
 Metaspace       used 131865K, committed 132800K, reserved 1179648K
  class space    used 17790K, committed 18240K, reserved 1048576K
}
Event: 1577.728 GC heap after
{Heap after GC invocations=92 (full 0):
 garbage-first heap   total 229376K, used 129380K [0x0000000080000000, 0x0000000100000000)
  region size 1024K, 8 young (8192K), 8 survivors (8192K)
 Metaspace       used 131865K, committed 132800K, reserved 1179648K
  class space    used 17790K, committed 18240K, reserved 1048576K
}
Event: 1583.975 GC heap before
{Heap before GC invocations=93 (full 0):
 garbage-first heap   total 229376K, used 183652K [0x0000000080000000, 0x0000000100000000)
  region size 1024K, 65 young (66560K), 8 survivors (8192K)
 Metaspace       used 132105K, committed 133056K, reserved 1179648K
  class space    used 17791K, committed 18240K, reserved 1048576K
}
Event: 1584.015 GC heap after
{Heap after GC invocations=94 (full 0):
 garbage-first heap   total 229376K, used 128194K [0x0000000080000000, 0x0000000100000000)
  region size 1024K, 3 young (3072K), 3 survivors (3072K)
 Metaspace       used 132105K, committed 133056K, reserved 1179648K
  class space    used 17791K, committed 18240K, reserved 1048576K
}
Event: 1649.587 GC heap before
{Heap before GC invocations=94 (full 0):
 garbage-first heap   total 229376K, used 160962K [0x0000000080000000, 0x0000000100000000)
  region size 1024K, 11 young (11264K), 3 survivors (3072K)
 Metaspace       used 132142K, committed 133056K, reserved 1179648K
  class space    used 17792K, committed 18240K, reserved 1048576K
}
Event: 1649.605 GC heap after
{Heap after GC invocations=95 (full 0):
 garbage-first heap   total 229376K, used 120949K [0x0000000080000000, 0x0000000100000000)
  region size 1024K, 1 young (1024K), 1 survivors (1024K)
 Metaspace       used 132142K, committed 133056K, reserved 1179648K
  class space    used 17792K, committed 18240K, reserved 1048576K
}
Event: 1656.485 GC heap before
{Heap before GC invocations=95 (full 0):
 garbage-first heap   total 229376K, used 187509K [0x0000000080000000, 0x0000000100000000)
  region size 1024K, 67 young (68608K), 1 survivors (1024K)
 Metaspace       used 132477K, committed 133440K, reserved 1179648K
  class space    used 17806K, committed 18240K, reserved 1048576K
}
Event: 1656.520 GC heap after
{Heap after GC invocations=96 (full 0):
 garbage-first heap   total 229376K, used 128687K [0x0000000080000000, 0x0000000100000000)
  region size 1024K, 9 young (9216K), 9 survivors (9216K)
 Metaspace       used 132477K, committed 133440K, reserved 1179648K
  class space    used 17806K, committed 18240K, reserved 1048576K
}
Event: 1660.760 GC heap before
{Heap before GC invocations=97 (full 0):
 garbage-first heap   total 229376K, used 182959K [0x0000000080000000, 0x0000000100000000)
  region size 1024K, 66 young (67584K), 9 survivors (9216K)
 Metaspace       used 132646K, committed 133632K, reserved 1179648K
  class space    used 17807K, committed 18240K, reserved 1048576K
}
Event: 1660.794 GC heap after
{Heap after GC invocations=98 (full 0):
 garbage-first heap   total 229376K, used 126992K [0x0000000080000000, 0x0000000100000000)
  region size 1024K, 3 young (3072K), 3 survivors (3072K)
 Metaspace       used 132646K, committed 133632K, reserved 1179648K
  class space    used 17807K, committed 18240K, reserved 1048576K
}
Event: 1736.619 GC heap before
{Heap before GC invocations=98 (full 0):
 garbage-first heap   total 229376K, used 160784K [0x0000000080000000, 0x0000000100000000)
  region size 1024K, 11 young (11264K), 3 survivors (3072K)
 Metaspace       used 132676K, committed 133632K, reserved 1179648K
  class space    used 17808K, committed 18240K, reserved 1048576K
}
Event: 1736.645 GC heap after
{Heap after GC invocations=99 (full 0):
 garbage-first heap   total 229376K, used 120916K [0x0000000080000000, 0x0000000100000000)
  region size 1024K, 1 young (1024K), 1 survivors (1024K)
 Metaspace       used 132676K, committed 133632K, reserved 1179648K
  class space    used 17808K, committed 18240K, reserved 1048576K
}
Event: 2177.430 GC heap before
{Heap before GC invocations=99 (full 0):
 garbage-first heap   total 229376K, used 188500K [0x0000000080000000, 0x0000000100000000)
  region size 1024K, 68 young (69632K), 1 survivors (1024K)
 Metaspace       used 132773K, committed 133760K, reserved 1179648K
  class space    used 17810K, committed 18240K, reserved 1048576K
}
Event: 2177.471 GC heap after
{Heap after GC invocations=100 (full 0):
 garbage-first heap   total 229376K, used 127284K [0x0000000080000000, 0x0000000100000000)
  region size 1024K, 7 young (7168K), 7 survivors (7168K)
 Metaspace       used 132773K, committed 133760K, reserved 1179648K
  class space    used 17810K, committed 18240K, reserved 1048576K
}

